<?xml version="1.0" encoding="UTF-8"?>
<testng-results skipped="0" failed="0" ignored="0" total="1" passed="1">
  <reporter-output>
  </reporter-output>
  <suite name="Default suite" duration-ms="31284" started-at="2019-05-20T07:23:18Z" finished-at="2019-05-20T07:23:49Z">
    <groups>
    </groups>
    <test name="Default test" duration-ms="31284" started-at="2019-05-20T07:23:18Z" finished-at="2019-05-20T07:23:49Z">
      <class name="com.test.seleniump.sampleselenium.TestngLocators">
        <test-method status="PASS" signature="f()[pri:0, instance:com.test.seleniump.sampleselenium.TestngLocators@4678c730]" name="f" duration-ms="31252" started-at="2019-05-20T07:23:18Z" finished-at="2019-05-20T07:23:49Z">
          <reporter-output>
          </reporter-output>
        </test-method> <!-- f -->
      </class> <!-- com.test.seleniump.sampleselenium.TestngLocators -->
    </test> <!-- Default test -->
  </suite> <!-- Default suite -->
</testng-results>
